执行日期：2015-05-20-19：30：39
【支付成功】:
<xml><appid><![CDATA[wxb98af717fd2a5ba5]]></appid>
<bank_type><![CDATA[CFT]]></bank_type>
<cash_fee><![CDATA[1]]></cash_fee>
<fee_type><![CDATA[CNY]]></fee_type>
<is_subscribe><![CDATA[Y]]></is_subscribe>
<mch_id><![CDATA[1240545402]]></mch_id>
<nonce_str><![CDATA[ttgl6gueglxblw6bf24mjzgks5y7rlc5]]></nonce_str>
<openid><![CDATA[of2HnspIgnZwL-7c8RXl3iOsnxIg]]></openid>
<order_id><![CDATA[0]]></order_id>
<out_trade_no><![CDATA[20150520065620536]]></out_trade_no>
<result_code><![CDATA[SUCCESS]]></result_code>
<return_code><![CDATA[SUCCESS]]></return_code>
<sign><![CDATA[A7B9B2468080B60A07E8376132100ADD]]></sign>
<time_end><![CDATA[20150520185629]]></time_end>
<total_fee>1</total_fee>
<trade_type><![CDATA[JSAPI]]></trade_type>
<transaction_id><![CDATA[1008630979201505200146277238]]></transaction_id>
</xml>


执行日期：2015-05-20-19：31：11
【支付成功】:
<xml><appid><![CDATA[wxb98af717fd2a5ba5]]></appid>
<bank_type><![CDATA[CFT]]></bank_type>
<cash_fee><![CDATA[1]]></cash_fee>
<fee_type><![CDATA[CNY]]></fee_type>
<is_subscribe><![CDATA[Y]]></is_subscribe>
<mch_id><![CDATA[1240545402]]></mch_id>
<nonce_str><![CDATA[7frow24qzzwgk445oyju8fcz2tuz2bzq]]></nonce_str>
<openid><![CDATA[of2HnspIgnZwL-7c8RXl3iOsnxIg]]></openid>
<order_id><![CDATA[0]]></order_id>
<out_trade_no><![CDATA[20150520073059483]]></out_trade_no>
<result_code><![CDATA[SUCCESS]]></result_code>
<return_code><![CDATA[SUCCESS]]></return_code>
<sign><![CDATA[686B0F44B71A8973B4D0B4DA5DB2FD41]]></sign>
<time_end><![CDATA[20150520193108]]></time_end>
<total_fee>1</total_fee>
<trade_type><![CDATA[JSAPI]]></trade_type>
<transaction_id><![CDATA[1008630979201505200146452414]]></transaction_id>
</xml>


执行日期：2015-05-20-19：31：29
【支付成功】:
<xml><appid><![CDATA[wxb98af717fd2a5ba5]]></appid>
<bank_type><![CDATA[CFT]]></bank_type>
<cash_fee><![CDATA[1]]></cash_fee>
<fee_type><![CDATA[CNY]]></fee_type>
<is_subscribe><![CDATA[Y]]></is_subscribe>
<mch_id><![CDATA[1240545402]]></mch_id>
<nonce_str><![CDATA[7frow24qzzwgk445oyju8fcz2tuz2bzq]]></nonce_str>
<openid><![CDATA[of2HnspIgnZwL-7c8RXl3iOsnxIg]]></openid>
<order_id><![CDATA[0]]></order_id>
<out_trade_no><![CDATA[20150520073059483]]></out_trade_no>
<result_code><![CDATA[SUCCESS]]></result_code>
<return_code><![CDATA[SUCCESS]]></return_code>
<sign><![CDATA[686B0F44B71A8973B4D0B4DA5DB2FD41]]></sign>
<time_end><![CDATA[20150520193108]]></time_end>
<total_fee>1</total_fee>
<trade_type><![CDATA[JSAPI]]></trade_type>
<transaction_id><![CDATA[1008630979201505200146452414]]></transaction_id>
</xml>


执行日期：2015-05-20-19：39：54
【支付成功】:
<xml><appid><![CDATA[wxb98af717fd2a5ba5]]></appid>
<bank_type><![CDATA[CFT]]></bank_type>
<cash_fee><![CDATA[1]]></cash_fee>
<fee_type><![CDATA[CNY]]></fee_type>
<is_subscribe><![CDATA[Y]]></is_subscribe>
<mch_id><![CDATA[1240545402]]></mch_id>
<nonce_str><![CDATA[dmzybjwxhzjchmmdvc54qsxx6q4yz0ln]]></nonce_str>
<openid><![CDATA[of2HnspIgnZwL-7c8RXl3iOsnxIg]]></openid>
<out_trade_no><![CDATA[20150520073943773]]></out_trade_no>
<result_code><![CDATA[SUCCESS]]></result_code>
<return_code><![CDATA[SUCCESS]]></return_code>
<sign><![CDATA[3A061DD48076A0403CBFEB07A1F35E0E]]></sign>
<time_end><![CDATA[20150520193952]]></time_end>
<total_fee>1</total_fee>
<trade_type><![CDATA[JSAPI]]></trade_type>
<transaction_id><![CDATA[1008630979201505200146437170]]></transaction_id>
</xml>


执行日期：2015-05-20-19：44：00
【支付成功】:
<xml><appid><![CDATA[wxb98af717fd2a5ba5]]></appid>
<bank_type><![CDATA[CFT]]></bank_type>
<cash_fee><![CDATA[1]]></cash_fee>
<fee_type><![CDATA[CNY]]></fee_type>
<is_subscribe><![CDATA[Y]]></is_subscribe>
<mch_id><![CDATA[1240545402]]></mch_id>
<nonce_str><![CDATA[sngpfl4t32435ivdpfn7l4d5ys03mdqt]]></nonce_str>
<openid><![CDATA[of2HnspIgnZwL-7c8RXl3iOsnxIg]]></openid>
<order_id><![CDATA[0]]></order_id>
<out_trade_no><![CDATA[20150520063939356]]></out_trade_no>
<result_code><![CDATA[SUCCESS]]></result_code>
<return_code><![CDATA[SUCCESS]]></return_code>
<sign><![CDATA[E4884A02175520BEF79B126DBAD3757D]]></sign>
<time_end><![CDATA[20150520183949]]></time_end>
<total_fee>1</total_fee>
<trade_type><![CDATA[JSAPI]]></trade_type>
<transaction_id><![CDATA[1008630979201505200146152924]]></transaction_id>
</xml>


执行日期：2015-05-20-19：44：57
【支付成功】:
<xml><appid><![CDATA[wxb98af717fd2a5ba5]]></appid>
<bank_type><![CDATA[CFT]]></bank_type>
<cash_fee><![CDATA[1]]></cash_fee>
<fee_type><![CDATA[CNY]]></fee_type>
<is_subscribe><![CDATA[Y]]></is_subscribe>
<mch_id><![CDATA[1240545402]]></mch_id>
<nonce_str><![CDATA[q077teiga1pug0vgy1ra4cm7wbaf0r3a]]></nonce_str>
<openid><![CDATA[of2HnspIgnZwL-7c8RXl3iOsnxIg]]></openid>
<order_id><![CDATA[0]]></order_id>
<out_trade_no><![CDATA[20150520071036150]]></out_trade_no>
<result_code><![CDATA[SUCCESS]]></result_code>
<return_code><![CDATA[SUCCESS]]></return_code>
<sign><![CDATA[C22DADF31860581AF60DF44D41420532]]></sign>
<time_end><![CDATA[20150520191045]]></time_end>
<total_fee>1</total_fee>
<trade_type><![CDATA[JSAPI]]></trade_type>
<transaction_id><![CDATA[1008630979201505200146341034]]></transaction_id>
</xml>


执行日期：2015-05-20-19：47：44
【支付成功】:
<xml><appid><![CDATA[wxb98af717fd2a5ba5]]></appid>
<bank_type><![CDATA[CFT]]></bank_type>
<cash_fee><![CDATA[1]]></cash_fee>
<fee_type><![CDATA[CNY]]></fee_type>
<is_subscribe><![CDATA[Y]]></is_subscribe>
<mch_id><![CDATA[1240545402]]></mch_id>
<nonce_str><![CDATA[jixxkl2e7b3wxkyon8c27jdjp50q52bk]]></nonce_str>
<openid><![CDATA[of2HnspIgnZwL-7c8RXl3iOsnxIg]]></openid>
<order_id><![CDATA[0]]></order_id>
<out_trade_no><![CDATA[20150520061321455]]></out_trade_no>
<result_code><![CDATA[SUCCESS]]></result_code>
<return_code><![CDATA[SUCCESS]]></return_code>
<sign><![CDATA[0405E47C302B05E5A52A1CFEC5633E6B]]></sign>
<time_end><![CDATA[20150520181332]]></time_end>
<total_fee>1</total_fee>
<trade_type><![CDATA[JSAPI]]></trade_type>
<transaction_id><![CDATA[1008630979201505200146054202]]></transaction_id>
</xml>


执行日期：2015-05-20-19：51：33
【支付成功】:
<xml><appid><![CDATA[wxb98af717fd2a5ba5]]></appid>
<bank_type><![CDATA[CFT]]></bank_type>
<cash_fee><![CDATA[1]]></cash_fee>
<fee_type><![CDATA[CNY]]></fee_type>
<is_subscribe><![CDATA[Y]]></is_subscribe>
<mch_id><![CDATA[1240545402]]></mch_id>
<nonce_str><![CDATA[4pku1u1e29isg593ojms6wivteailwf6]]></nonce_str>
<openid><![CDATA[of2HnspIgnZwL-7c8RXl3iOsnxIg]]></openid>
<order_id><![CDATA[0]]></order_id>
<out_trade_no><![CDATA[20150520061702929]]></out_trade_no>
<result_code><![CDATA[SUCCESS]]></result_code>
<return_code><![CDATA[SUCCESS]]></return_code>
<sign><![CDATA[1A01962482ADA23B6D9D482FFBAA1648]]></sign>
<time_end><![CDATA[20150520181713]]></time_end>
<total_fee>1</total_fee>
<trade_type><![CDATA[JSAPI]]></trade_type>
<transaction_id><![CDATA[1008630979201505200146032573]]></transaction_id>
</xml>


执行日期：2015-05-20-19：55：20
【支付成功】:
<xml><appid><![CDATA[wxb98af717fd2a5ba5]]></appid>
<bank_type><![CDATA[CFT]]></bank_type>
<cash_fee><![CDATA[1]]></cash_fee>
<fee_type><![CDATA[CNY]]></fee_type>
<is_subscribe><![CDATA[Y]]></is_subscribe>
<mch_id><![CDATA[1240545402]]></mch_id>
<nonce_str><![CDATA[qubehy3194y3kq5k5rbmm02z1zu2edrv]]></nonce_str>
<openid><![CDATA[of2HnspIgnZwL-7c8RXl3iOsnxIg]]></openid>
<order_id><![CDATA[0]]></order_id>
<out_trade_no><![CDATA[20150520065102297]]></out_trade_no>
<result_code><![CDATA[SUCCESS]]></result_code>
<return_code><![CDATA[SUCCESS]]></return_code>
<sign><![CDATA[B7A19642756893115AC1CE6FD1062E54]]></sign>
<time_end><![CDATA[20150520185111]]></time_end>
<total_fee>1</total_fee>
<trade_type><![CDATA[JSAPI]]></trade_type>
<transaction_id><![CDATA[1008630979201505200146209326]]></transaction_id>
</xml>


执行日期：2015-05-20-19：57：25
【支付成功】:
<xml><appid><![CDATA[wxb98af717fd2a5ba5]]></appid>
<bank_type><![CDATA[CFT]]></bank_type>
<cash_fee><![CDATA[1]]></cash_fee>
<fee_type><![CDATA[CNY]]></fee_type>
<is_subscribe><![CDATA[Y]]></is_subscribe>
<mch_id><![CDATA[1240545402]]></mch_id>
<nonce_str><![CDATA[cwn9sacpcoor6yrbhz9o0fibbu8v2q4q]]></nonce_str>
<openid><![CDATA[of2HnspIgnZwL-7c8RXl3iOsnxIg]]></openid>
<order_id><![CDATA[0]]></order_id>
<out_trade_no><![CDATA[20150520065309225]]></out_trade_no>
<result_code><![CDATA[SUCCESS]]></result_code>
<return_code><![CDATA[SUCCESS]]></return_code>
<sign><![CDATA[41E8C74140AFFC233DEA9BE0DD50A3E2]]></sign>
<time_end><![CDATA[20150520185318]]></time_end>
<total_fee>1</total_fee>
<trade_type><![CDATA[JSAPI]]></trade_type>
<transaction_id><![CDATA[1008630979201505200146261624]]></transaction_id>
</xml>


