2017-09-08 23:36:55-0002900F0486447|193|20170909073521818|500|20170909|6222031001000815303|001317568762
1
{"order_st":"05","pay_type":"DIRPAY","mchnt_cd":"0002900F0486447","order_pay_code":"100017","fy_ssn":"001317568762","user_id":"193","order_amt":"500","card_no":"6222031001000815303","order_id":"20170909073521818","order_date":"20170909","RSA":"DBkWFSV0aeLEm6b\/1wlvLma12qHa98Zg956EinBLNygvZZcW3lwsVz0wn2uZA5WAX\/4wplVmMlnH\nsN4noqVeKNuWxvoe1FcEz+8f6Vh06OCbclfa6c+WYh7g3QKQtyGVPGzf3DhCS0Plkodk6AK8Wy25\nbtODGwHDpcPgWPt7gFE=\n","order_pay_msg":"\u4f59\u989d\u4e0d\u8db3"}
2017-09-08 23:42:58-0002900F0486447|193|20170909074015409|500|20170909|6222031001000815303|001317570345
1
{"order_st":"05","pay_type":"DIRPAY","mchnt_cd":"0002900F0486447","order_pay_code":"100017","fy_ssn":"001317570345","user_id":"193","order_amt":"500","card_no":"6222031001000815303","order_id":"20170909074015409","order_date":"20170909","RSA":"CfVLBfhZNjiqJH+NWCntsNaWvg+aV5WhB7mj7mvbkuf+L72NOj3nfJDAGvFurO0LhBg2xfeEcp0D\n1XnmeYF8BceJwdz2R7Brfh\/yzaxfm6tBRV1tZgM4Lr0ebpXCtg1+B8Z3uERbn0tL2Sf9oLXFu4p8\nCdkf\/CnU\/jWx4HMYP1A=\n","order_pay_msg":"\u4f59\u989d\u4e0d\u8db3"}
2017-09-08 23:50:10-0002900F0486447|193|20170909074849788|500|20170909|6222031001000815303|001317572909
1
{"order_st":"05","pay_type":"DIRPAY","mchnt_cd":"0002900F0486447","order_pay_code":"100017","fy_ssn":"001317572909","user_id":"193","order_amt":"500","card_no":"6222031001000815303","order_id":"20170909074849788","order_date":"20170909","RSA":"NX6vSNDYvkRdXwO1E624QsupCWJz1scaZvufrJNuoIFEWDFtfP01Zk0Z7kZ0ZxMkQl5URitHRci6\n08N7We9pwo+ZdIXKOemtHH2m4GkH0Al7QzsvB5bh5vq43\/5WHkkmPeGjdcXHlwYuMnUbWVvYoFqD\nQApi1MTbmPuoWI29Nc8=\n","order_pay_msg":"\u4f59\u989d\u4e0d\u8db3"}
2017-09-08 23:56:07-0002900F0486447|193|20170909075213437|500|20170909|6222031001000815303|001317573999
1
{"order_st":"05","pay_type":"DIRPAY","mchnt_cd":"0002900F0486447","order_pay_code":"100018","fy_ssn":"001317573999","user_id":"193","order_amt":"500","card_no":"6222031001000815303","order_id":"20170909075213437","order_date":"20170909","RSA":"OoESEGiLVgy9Ts0sFsjMDpImC3\/rFtmoJFw5r5QIMPLYfezFNU81U87dsW+1z6BlyCTi8uWQLUei\ncck7DO1kkN5dYzGj325KYW4H9na\/X9yDfaUP5vTJxwa5Q2wO0i+rR2RDsOB12IkUcwW9ljYbGxfU\n0OTrFNkypCijPkf2g\/4=\n","order_pay_msg":"\u4f59\u989d\u4e0d\u8db3\u4ea4\u6613\u6b21\u6570\u8d85\u8fc7\u5355\u65e5\u9650\u5236\uff0c\u8bf7\u786e\u8ba4\u8d26\u6237\u4f59\u989d\u5145\u8db3\u540e\u6b21\u65e5\u518d\u53d1\u8d77\u4ea4\u6613"}
2017-09-09 01:22:30-0002900F0486447|166|20170909092204481|200|20170909|6228480038761447879|001317620701
1
{"order_st":"05","pay_type":"DIRPAY","mchnt_cd":"0002900F0486447","order_pay_code":"100015","fy_ssn":"001317620701","user_id":"166","order_amt":"200","card_no":"6228480038761447879","order_id":"20170909092204481","order_date":"20170909","RSA":"krU3UxcgMeYliQUQ7Tv0Z+5DddIo8BlHGHfHi6ihehUxywwSayKj0kn7PLzecnOylbscwSnbISwJ\n5U9GGCAPrWcrbJabJ2+L0P4urYZugZQRl7DgGJ3geswItnUlhu6SfHAWHptLNw1Vt5VPQl6nnK+\/\nHBA5cUT\/hXhDoLEuQHo=\n","order_pay_msg":"\u6301\u5361\u4eba\u8eab\u4efd\u4fe1\u606f\u3001\u624b\u673a\u53f7\u6216CVN2\u8f93\u5165\u4e0d\u6b63\u786e\uff0c\u9a8c\u8bc1\u5931\u8d25[10000Z8]"}
2017-09-09 01:50:43-0002900F0486447|166|20170909095012136|200|20170909|6228480038761447879|001317641471
1
{"order_st":"05","pay_type":"DIRPAY","mchnt_cd":"0002900F0486447","order_pay_code":"100015","fy_ssn":"001317641471","user_id":"166","order_amt":"200","card_no":"6228480038761447879","order_id":"20170909095012136","order_date":"20170909","RSA":"EGJea0hThSTqHL88T5JCAHdGg0OBhET+BcM84RuWwucecBocdqe\/xMjb2G0xMYtczYE4v3kB98mi\n94bJUDVmsjIq04B8YDJQj7e5Ikeu0f6vofgz0soB+SNOVPrVrHXmFTrJxbUA07H3n0nneyoxTYGs\n6v6JZs1ESO\/eX5Zntqk=\n","order_pay_msg":"\u6301\u5361\u4eba\u8eab\u4efd\u4fe1\u606f\u3001\u624b\u673a\u53f7\u6216CVN2\u8f93\u5165\u4e0d\u6b63\u786e\uff0c\u9a8c\u8bc1\u5931\u8d25[10000Z8]"}
2017-09-09 01:52:50-0002900F0486447|196|20170909095209860|200|20170909|6217997900016443491|001317643091
1
{"order_st":"05","pay_type":"DIRPAY","mchnt_cd":"0002900F0486447","order_pay_code":"100040","fy_ssn":"001317643091","user_id":"196","order_amt":"200","card_no":"6217997900016443491","order_id":"20170909095209860","order_date":"20170909","RSA":"J3+SG6nP4kKxXCZaPkO67ga2O\/W4crdC4XBx+aK4hfNAKpwuk2H0lBsrBOZ8o60ppeID66bvcQ30\nuSjvnm33a672Lb+tFa8U6Xwvn72WoG3xw4x2dpa2QAB9qjwVPejcHZwqvAscN6NQLEgDOj+v3ggx\nsif\/UV4OE79YTlLBupc=\n","order_pay_msg":"\u60a8\u7684\u5361\u672a\u5f00\u901a\u8be5\u529f\u80fd\uff0c\u8bf7\u5728\u94f6\u884c\u7f51\u94f6\u6216\u67dc\u9762\u5f00\u901a[1020757]"}
2017-09-09 07:12:26-0002900F0486447|135|20170909031147522|500|20170909|6222620250006294750|001317963436
1
{"order_st":"11","pay_type":"DIRPAY","mchnt_cd":"0002900F0486447","order_pay_code":"0000","fy_ssn":"001317963436","user_id":"135","order_amt":"500","card_no":"6222620250006294750","order_id":"20170909031147522","order_date":"20170909","RSA":"Y5bzCFAzB3w\/06aJ1VY1tpiS7Wc+WMQjslgoE+cRn\/0LSX3KSt4Z38cvnW6iiybE4R\/RagH353eq\nRiz4MG7CR1\/UdOxVgO0+u486l5NHA2GiRTfLAEz4K6v42Ys3\/OkEnFmtpTcnadcM7+8F8gjAISlP\nk5A+jZJpJfMkw95uO00=\n","order_pay_msg":"\u6210\u529f"}
2017-09-09 07:37:45-0002900F0486447|196|20170909033658963|200|20170909|6217997900016443491|001317986008
1
{"order_st":"05","pay_type":"DIRPAY","mchnt_cd":"0002900F0486447","order_pay_code":"100040","fy_ssn":"001317986008","user_id":"196","order_amt":"200","card_no":"6217997900016443491","order_id":"20170909033658963","order_date":"20170909","RSA":"LIRI2nM\/isZkvL7jsJW1tENiUN294lfLM3cFHwx4CArZ+kDgig7om8r88OZxvMlHcdXqdR0+iL\/0\n5Ox0N6uswCweYZcTd8tlBAEbaZBv3gN+1B8C1zXCQ5+EXBn8ajnByX5ASZvUec\/XuIplRgzJMuRt\n8XBzPKC7itU3KBdbTVA=\n","order_pay_msg":"\u60a8\u7684\u5361\u672a\u5f00\u901a\u8be5\u529f\u80fd\uff0c\u8bf7\u5728\u94f6\u884c\u7f51\u94f6\u6216\u67dc\u9762\u5f00\u901a[1020757]"}
2017-09-09 08:36:44-0002900F0486447|193|20170909043246445|500|20170909|6222031001000815303|001318040551
1
{"order_st":"05","pay_type":"DIRPAY","mchnt_cd":"0002900F0486447","order_pay_code":"100018","fy_ssn":"001318040551","user_id":"193","order_amt":"500","card_no":"6222031001000815303","order_id":"20170909043246445","order_date":"20170909","RSA":"Pe3VzpFWMlODvNtHQc3CqO+EH6tCecV8s8BgPQ8TMpU4OY\/JawBRCPweJg+nwVhU8Tlk2SN5DA1T\ntKCJg2S2XbUWDUkBhkUaVtBI5rBJJNsc3XbGM49txd8w7G1XtENyY6XO7UaDb8vUuUJZf48hhT2n\nqs3tOgiqVSS1m5nDri8=\n","order_pay_msg":"\u4f59\u989d\u4e0d\u8db3\u4ea4\u6613\u6b21\u6570\u8d85\u8fc7\u5355\u65e5\u9650\u5236\uff0c\u8bf7\u786e\u8ba4\u8d26\u6237\u4f59\u989d\u5145\u8db3\u540e\u6b21\u65e5\u518d\u53d1\u8d77\u4ea4\u6613"}
2017-09-09 08:40:15-0002900F0486447|193|20170909043839295|500|20170909|6222031001000815303|001318045683
1
{"order_st":"05","pay_type":"DIRPAY","mchnt_cd":"0002900F0486447","order_pay_code":"100018","fy_ssn":"001318045683","user_id":"193","order_amt":"500","card_no":"6222031001000815303","order_id":"20170909043839295","order_date":"20170909","RSA":"BXJv0h7UT5QKeQKdBDkcHsaXtYI\/aAGhoWZ+bJ97JrVZpSSqyiytDmo1amLk++CxV13X6iTWcgSE\niZTdNXbAasXJSD5WbmYU+PSVi2BsTSXfnsH9ekT7e\/7YBbkJexuLhFigWghIYOddc2JECBL6AJwJ\nOOzDODm0B3Ns4dmoSUw=\n","order_pay_msg":"\u4f59\u989d\u4e0d\u8db3\u4ea4\u6613\u6b21\u6570\u8d85\u8fc7\u5355\u65e5\u9650\u5236\uff0c\u8bf7\u786e\u8ba4\u8d26\u6237\u4f59\u989d\u5145\u8db3\u540e\u6b21\u65e5\u518d\u53d1\u8d77\u4ea4\u6613"}
2017-09-09 08:49:24-0002900F0486447|193|20170909044716343|500|20170909|6222031001000815303|001318052893
1
{"order_st":"05","pay_type":"DIRPAY","mchnt_cd":"0002900F0486447","order_pay_code":"100018","fy_ssn":"001318052893","user_id":"193","order_amt":"500","card_no":"6222031001000815303","order_id":"20170909044716343","order_date":"20170909","RSA":"AUTmBLIb8vvG7STk819A8fga8is9KNbvxmpn5Ka5bY15+76hV19NFxBFDRBimnTWisTNuXCY9KFp\nPQM2RcaGAyz7uDcVnKDzTLDOE99V2UO+4PuGyZj5gG04G+d1BNZmZkQb44eBDe8GpJ0X5STWdxaW\noR0w5CPsPuPHZ2icYOg=\n","order_pay_msg":"\u4f59\u989d\u4e0d\u8db3\u4ea4\u6613\u6b21\u6570\u8d85\u8fc7\u5355\u65e5\u9650\u5236\uff0c\u8bf7\u786e\u8ba4\u8d26\u6237\u4f59\u989d\u5145\u8db3\u540e\u6b21\u65e5\u518d\u53d1\u8d77\u4ea4\u6613"}
2017-09-09 08:58:08-0002900F0486447|193|20170909045711531|500|20170909|6222031001000815303|001318062406
1
{"order_st":"05","pay_type":"DIRPAY","mchnt_cd":"0002900F0486447","order_pay_code":"100018","fy_ssn":"001318062406","user_id":"193","order_amt":"500","card_no":"6222031001000815303","order_id":"20170909045711531","order_date":"20170909","RSA":"LO86Ex4AP4K0G6fhIQPLNm6gZgLMY\/nIRcBDZEBdeRaQCwtxFah2m7JUw+QHJ3ckDFGuNt7WaN8F\n+fiy0xG31TWPVtHlXlOWG35O\/KMFqfqdf5\/6Wscl3RbQx+PY0\/97UsaEntUCK3Rb0enmNYQxnD71\n\/1XMtn0uaN3p9LzlTBo=\n","order_pay_msg":"\u4f59\u989d\u4e0d\u8db3\u4ea4\u6613\u6b21\u6570\u8d85\u8fc7\u5355\u65e5\u9650\u5236\uff0c\u8bf7\u786e\u8ba4\u8d26\u6237\u4f59\u989d\u5145\u8db3\u540e\u6b21\u65e5\u518d\u53d1\u8d77\u4ea4\u6613"}
2017-09-09 09:02:04-0002900F0486447|196|20170909050120881|500|20170909|6217997900016443491|001318068478
1
{"order_st":"05","pay_type":"DIRPAY","mchnt_cd":"0002900F0486447","order_pay_code":"100040","fy_ssn":"001318068478","user_id":"196","order_amt":"500","card_no":"6217997900016443491","order_id":"20170909050120881","order_date":"20170909","RSA":"pK+RVPIVJW92kVRKWGwEkgfgmQXTpkOT42yHdk\/2tcco3NL935yjWmFpS+PZnh5vYvUA3eVNmXkv\nfarD2fiVMoKlaJRprCXPx+G0blf4Ku0MrlN07tRfx5EHk2VkbV0abM5yaA9Nv8mbGOkk\/UCOA\/z8\nMgB\/kTBr3beqSCkWJPY=\n","order_pay_msg":"\u60a8\u7684\u5361\u672a\u5f00\u901a\u8be5\u529f\u80fd\uff0c\u8bf7\u5728\u94f6\u884c\u7f51\u94f6\u6216\u67dc\u9762\u5f00\u901a[1020757]"}
2017-09-09 09:09:03-0002900F0486447|65|20170909050825960|500|20170909|6216910212287715|001318078709
1
{"order_st":"11","pay_type":"DIRPAY","mchnt_cd":"0002900F0486447","order_pay_code":"0000","fy_ssn":"001318078709","user_id":"65","order_amt":"500","card_no":"6216910212287715","order_id":"20170909050825960","order_date":"20170909","RSA":"d+e9Upng0JONCgpjysDP88ZMz5w3TvDmcB+S4RAGyD5DeSxwuIlK9GtN9Q2q330ILB+ykcl5oxx0\nm3bk4EzKTRLGRm9hB+qnUbgO7Gp6fBXsKLh2K3BHnM8x6aRCeeZIqjdbbsJiVAqw\/m9Aj0alRKcX\nYT1ab8vMssix8ABttqk=\n","order_pay_msg":"\u6210\u529f"}
2017-09-09 09:09:36-0002900F0486447|196|20170909050854882|200|20170909|6217880800008486682|001318079470
1
{"order_st":"11","pay_type":"DIRPAY","mchnt_cd":"0002900F0486447","order_pay_code":"0000","fy_ssn":"001318079470","user_id":"196","order_amt":"200","card_no":"6217880800008486682","order_id":"20170909050854882","order_date":"20170909","RSA":"aqDLbIIfPm4n+5O\/lmhExAYT7XIW49qQXImGdg0ZygDBVdarGzmCVmlepuAK1wsamhF6y6Ozvvcv\nOQSo0WWT4oCV+TgY4n2sUWMZh4DZxQ\/2gigWi5R0g5u\/ApZbk7arL23i1tU4o1xLYM\/dcsPVoTtq\nVIooiSFr2hSVqtwzGC8=\n","order_pay_msg":"\u6210\u529f"}
2017-09-09 09:12:03-0002900F0486447|196|20170909051130884|200|20170909|6217880800008486682|001318083396
1
{"order_st":"11","pay_type":"DIRPAY","mchnt_cd":"0002900F0486447","order_pay_code":"0000","fy_ssn":"001318083396","user_id":"196","order_amt":"200","card_no":"6217880800008486682","order_id":"20170909051130884","order_date":"20170909","RSA":"H6wTP8SaPKbGPhLTqPz6u7rPr5g+H5gfKZ4dL1zMnxANu58soE3MQtq0T4tAsVjo8XZ343NliUkH\nRaoXd\/I7S\/v1cMkN1rNp7\/JM50MlDe3ylwUtQshb7qe+qUT1u4mk83WGcE6+wvHi99MaGCy5kASB\nc2qVtrDMsyZGFeERBSU=\n","order_pay_msg":"\u6210\u529f"}
2017-09-09 09:14:50-0002900F0486447|65|20170909051414684|300|20170909|6216910212287715|001318087414
1
{"order_st":"11","pay_type":"DIRPAY","mchnt_cd":"0002900F0486447","order_pay_code":"0000","fy_ssn":"001318087414","user_id":"65","order_amt":"300","card_no":"6216910212287715","order_id":"20170909051414684","order_date":"20170909","RSA":"l5knafApK+zyrcjqcMr96olyt7k3P7h9U0Ve7\/Gd0slkEKB6hctO9aMwWPjHa\/6LouiMqELL\/d5L\nweoOkLdNjqlFBkG5JTpvH+mymA5rDifdFGAa2hYXhEHvs8WElCmlapvy0AE7DSBYSRUZbJddijIN\n32rG3BlLNGzlR7wtJWE=\n","order_pay_msg":"\u6210\u529f"}
2017-09-09 09:15:37-0002900F0486447|196|20170909051502953|500|20170909|6217880800008486682|001318088502
1
{"order_st":"11","pay_type":"DIRPAY","mchnt_cd":"0002900F0486447","order_pay_code":"0000","fy_ssn":"001318088502","user_id":"196","order_amt":"500","card_no":"6217880800008486682","order_id":"20170909051502953","order_date":"20170909","RSA":"bAS9ZSBQHoM9XdhXvu+DR04iFdIFTn0nNgV\/4orlcyNK9OMC2xSicxh7KFWr2WGlal\/cDUIXDurZ\n7PwguIYT3vGtdACgv4oN\/J+IA5XbKNddhAwLxYBOfMJND9oN70P5YTwkVwf8ONz7BNMM\/Bc1ikUu\nQ7OKzNlwoqis\/Mu2uAI=\n","order_pay_msg":"\u6210\u529f"}
2017-09-09 09:19:49-0002900F0486447|65|20170909051839716|300|20170909|6216910212287715|001318093707
1
{"order_st":"11","pay_type":"DIRPAY","mchnt_cd":"0002900F0486447","order_pay_code":"0000","fy_ssn":"001318093707","user_id":"65","order_amt":"300","card_no":"6216910212287715","order_id":"20170909051839716","order_date":"20170909","RSA":"KK+EUQg6MYqWTEKTk8IgmKPJuN+\/hLbErMELAcuSJHzArTjcNXPbGwrr+QQIHKNKL3j+SM62YT30\nc0EjypTJNdLz04BKjjBgRrYJOQC+N+V+Y9ZLhmeTItoGkhfTaPWAH3v7ssAWSA1Kdm5kwvHka+\/3\nHqVH6ZzdmleHaViMUKc=\n","order_pay_msg":"\u6210\u529f"}
2017-09-09 09:24:46-0002900F0486447|196|20170909052416238|500|20170909|6217880800008486682|001318101957
1
{"order_st":"11","pay_type":"DIRPAY","mchnt_cd":"0002900F0486447","order_pay_code":"0000","fy_ssn":"001318101957","user_id":"196","order_amt":"500","card_no":"6217880800008486682","order_id":"20170909052416238","order_date":"20170909","RSA":"p2d4pekt8e0BEHY2vdu92BPOWtAOkzmwwWqeXcQTSXPmGXYYL7d7Rmv1mEjuWnSnA+OLi94cqx3x\nvewSsGbzwBFAqYkgXn7TApEpLp\/Dp4im\/ujbsCza3MIxiPKeE1bs7WSvGgZ2Ol5q6MK640M9VG3l\nuims3GXXu2ZFuMRaby0=\n","order_pay_msg":"\u6210\u529f"}
2017-09-10 01:28:46-0002900F0486447|135|20170910092817283|500|20170910|6222620250006294750|001318512316
1
{"order_st":"11","pay_type":"DIRPAY","mchnt_cd":"0002900F0486447","order_pay_code":"0000","fy_ssn":"001318512316","user_id":"135","order_amt":"500","card_no":"6222620250006294750","order_id":"20170910092817283","order_date":"20170910","RSA":"WSy9ZOnHxOJviTu\/iolJ4n\/Qe0In3PKjqaukMO7PkMbtpwmG6+JhoC8+i2iD8xeDc81kdQJnOWpb\nKMQe4zOF5mzS3aFvsIWUofjOPWqmaGqJ9dnMD5vM+Xd2LKQMXLLHkW8icPyDCwmR0liLdYblX5rL\n2WdT7MftGPU88+Q+zmA=\n","order_pay_msg":"\u6210\u529f"}
